{"/Users/franklinakpu/Documents/react-native/lukoTest/App.tsx": {"path":"/Users/franklinakpu/Documents/react-native/lukoTest/App.tsx","statementMap":{"0":{"start":{"line":13,"column":22},"end":{"line":34,"column":1}},"1":{"start":{"line":15,"column":24},"end":{"line":18,"column":4}},"2":{"start":{"line":19,"column":2},"end":{"line":21,"column":61}},"3":{"start":{"line":19,"column":19},"end":{"line":21,"column":61}},"4":{"start":{"line":23,"column":2},"end":{"line":33,"column":4}}},"fnMap":{"0":{"name":"(anonymous_0)","decl":{"start":{"line":13,"column":22},"end":{"line":13,"column":23}},"loc":{"start":{"line":14,"column":0},"end":{"line":34,"column":1}},"line":14}},"branchMap":{"0":{"loc":{"start":{"line":19,"column":2},"end":{"line":21,"column":61}},"type":"if","locations":[{"start":{"line":19,"column":2},"end":{"line":21,"column":61}},{"start":{},"end":{}}],"line":19}},"s":{"0":1,"1":2,"2":2,"3":1,"4":1},"f":{"0":2},"b":{"0":[1,1]},"_coverageSchema":"1a1c01bbd47fc00a2c39e90264f33305004495a9","hash":"3e439fa631e792ca4871852061e58f474a821f31"}
,"/Users/franklinakpu/Documents/react-native/lukoTest/fileMock.js": {"path":"/Users/franklinakpu/Documents/react-native/lukoTest/fileMock.js","statementMap":{},"fnMap":{},"branchMap":{},"s":{},"f":{},"b":{},"_coverageSchema":"1a1c01bbd47fc00a2c39e90264f33305004495a9","hash":"3d67188235a5d93d5fa872e520c162ab99021eca"}
,"/Users/franklinakpu/Documents/react-native/lukoTest/jest/NativeBaseTestWrapper.tsx": {"path":"/Users/franklinakpu/Documents/react-native/lukoTest/jest/NativeBaseTestWrapper.tsx","statementMap":{"0":{"start":{"line":6,"column":14},"end":{"line":9,"column":3}},"1":{"start":{"line":11,"column":39},"end":{"line":18,"column":3}},"2":{"start":{"line":13,"column":3},"end":{"line":17,"column":5}}},"fnMap":{"0":{"name":"(anonymous_0)","decl":{"start":{"line":11,"column":39},"end":{"line":11,"column":40}},"loc":{"start":{"line":12,"column":2},"end":{"line":18,"column":3}},"line":12}},"branchMap":{},"s":{"0":5,"1":5,"2":13},"f":{"0":13},"b":{},"_coverageSchema":"1a1c01bbd47fc00a2c39e90264f33305004495a9","hash":"f1acb5f6940fa268b6b71d85e8313a5c1bdbf940"}
,"/Users/franklinakpu/Documents/react-native/lukoTest/src/constants.ts": {"path":"/Users/franklinakpu/Documents/react-native/lukoTest/src/constants.ts","statementMap":{"0":{"start":{"line":1,"column":33},"end":{"line":1,"column":38}},"1":{"start":{"line":2,"column":28},"end":{"line":2,"column":31}}},"fnMap":{},"branchMap":{},"s":{"0":5,"1":5},"f":{},"b":{},"_coverageSchema":"1a1c01bbd47fc00a2c39e90264f33305004495a9","hash":"38e5ed38495fab2de7962b5cf0acd8979b6d61f0"}
,"/Users/franklinakpu/Documents/react-native/lukoTest/src/components/AddButton.tsx": {"path":"/Users/franklinakpu/Documents/react-native/lukoTest/src/components/AddButton.tsx","statementMap":{"0":{"start":{"line":8,"column":2},"end":{"line":19,"column":4}},"1":{"start":{"line":11,"column":30},"end":{"line":14,"column":7}},"2":{"start":{"line":22,"column":15},"end":{"line":31,"column":2}}},"fnMap":{"0":{"name":"AddButton","decl":{"start":{"line":7,"column":24},"end":{"line":7,"column":33}},"loc":{"start":{"line":7,"column":57},"end":{"line":20,"column":1}},"line":7},"1":{"name":"(anonymous_1)","decl":{"start":{"line":11,"column":13},"end":{"line":11,"column":14}},"loc":{"start":{"line":11,"column":30},"end":{"line":14,"column":7}},"line":11}},"branchMap":{"0":{"loc":{"start":{"line":12,"column":19},"end":{"line":12,"column":36}},"type":"cond-expr","locations":[{"start":{"line":12,"column":29},"end":{"line":12,"column":32}},{"start":{"line":12,"column":35},"end":{"line":12,"column":36}}],"line":12}},"s":{"0":4,"1":4,"2":7},"f":{"0":4,"1":4},"b":{"0":[0,4]},"_coverageSchema":"1a1c01bbd47fc00a2c39e90264f33305004495a9","hash":"943419aca137731341f6a8ae6ec1b1aaf2e7dbdf"}
,"/Users/franklinakpu/Documents/react-native/lukoTest/src/components/Button.tsx": {"path":"/Users/franklinakpu/Documents/react-native/lukoTest/src/components/Button.tsx","statementMap":{"0":{"start":{"line":12,"column":2},"end":{"line":29,"column":4}},"1":{"start":{"line":17,"column":30},"end":{"line":19,"column":7}}},"fnMap":{"0":{"name":"Button","decl":{"start":{"line":6,"column":24},"end":{"line":6,"column":30}},"loc":{"start":{"line":11,"column":39},"end":{"line":30,"column":1}},"line":11},"1":{"name":"(anonymous_1)","decl":{"start":{"line":17,"column":13},"end":{"line":17,"column":14}},"loc":{"start":{"line":17,"column":30},"end":{"line":19,"column":7}},"line":17}},"branchMap":{"0":{"loc":{"start":{"line":18,"column":19},"end":{"line":18,"column":36}},"type":"cond-expr","locations":[{"start":{"line":18,"column":29},"end":{"line":18,"column":32}},{"start":{"line":18,"column":35},"end":{"line":18,"column":36}}],"line":18},"1":{"loc":{"start":{"line":24,"column":38},"end":{"line":24,"column":82}},"type":"cond-expr","locations":[{"start":{"line":24,"column":49},"end":{"line":24,"column":64}},{"start":{"line":24,"column":67},"end":{"line":24,"column":82}}],"line":24}},"s":{"0":23,"1":23},"f":{"0":23,"1":23},"b":{"0":[0,23],"1":[9,14]},"_coverageSchema":"1a1c01bbd47fc00a2c39e90264f33305004495a9","hash":"d80ee2f47cdb6922bab8b5937bc7f2428b471a2e"}
,"/Users/franklinakpu/Documents/react-native/lukoTest/src/components/CustomTextArea.tsx": {"path":"/Users/franklinakpu/Documents/react-native/lukoTest/src/components/CustomTextArea.tsx","statementMap":{"0":{"start":{"line":8,"column":49},"end":{"line":49,"column":1}},"1":{"start":{"line":23,"column":3},"end":{"line":48,"column":5}}},"fnMap":{"0":{"name":"(anonymous_0)","decl":{"start":{"line":8,"column":49},"end":{"line":8,"column":50}},"loc":{"start":{"line":22,"column":0},"end":{"line":49,"column":1}},"line":22}},"branchMap":{"0":{"loc":{"start":{"line":28,"column":9},"end":{"line":28,"column":26}},"type":"cond-expr","locations":[{"start":{"line":28,"column":15},"end":{"line":28,"column":21}},{"start":{"line":28,"column":22},"end":{"line":28,"column":26}}],"line":28},"1":{"loc":{"start":{"line":38,"column":8},"end":{"line":38,"column":62}},"type":"cond-expr","locations":[{"start":{"line":38,"column":32},"end":{"line":38,"column":36}},{"start":{"line":38,"column":38},"end":{"line":38,"column":62}}],"line":38}},"s":{"0":6,"1":12},"f":{"0":12},"b":{"0":[0,12],"1":[12,0]},"_coverageSchema":"1a1c01bbd47fc00a2c39e90264f33305004495a9","hash":"4264c13462095c80052e27e74c460239b048b0eb"}
,"/Users/franklinakpu/Documents/react-native/lukoTest/src/components/CustomTextField.tsx": {"path":"/Users/franklinakpu/Documents/react-native/lukoTest/src/components/CustomTextField.tsx","statementMap":{"0":{"start":{"line":8,"column":50},"end":{"line":53,"column":1}},"1":{"start":{"line":25,"column":3},"end":{"line":52,"column":5}}},"fnMap":{"0":{"name":"(anonymous_0)","decl":{"start":{"line":8,"column":50},"end":{"line":8,"column":51}},"loc":{"start":{"line":24,"column":0},"end":{"line":53,"column":1}},"line":24}},"branchMap":{"0":{"loc":{"start":{"line":40,"column":10},"end":{"line":40,"column":63}},"type":"cond-expr","locations":[{"start":{"line":40,"column":33},"end":{"line":40,"column":37}},{"start":{"line":40,"column":39},"end":{"line":40,"column":63}}],"line":40}},"s":{"0":6,"1":23},"f":{"0":23},"b":{"0":[23,0]},"_coverageSchema":"1a1c01bbd47fc00a2c39e90264f33305004495a9","hash":"c86505586a872ba26bcea4576eea4163a8132992"}
,"/Users/franklinakpu/Documents/react-native/lukoTest/src/components/TabBarIcon.tsx": {"path":"/Users/franklinakpu/Documents/react-native/lukoTest/src/components/TabBarIcon.tsx","statementMap":{"0":{"start":{"line":9,"column":55},"end":{"line":12,"column":3}},"1":{"start":{"line":11,"column":4},"end":{"line":11,"column":74}}},"fnMap":{"0":{"name":"(anonymous_0)","decl":{"start":{"line":9,"column":55},"end":{"line":9,"column":56}},"loc":{"start":{"line":10,"column":2},"end":{"line":12,"column":3}},"line":10}},"branchMap":{},"s":{"0":5,"1":31},"f":{"0":31},"b":{},"_coverageSchema":"1a1c01bbd47fc00a2c39e90264f33305004495a9","hash":"5474ce11b1380367548b8e6bf9b34aaf7a33693c"}
,"/Users/franklinakpu/Documents/react-native/lukoTest/src/components/Title.tsx": {"path":"/Users/franklinakpu/Documents/react-native/lukoTest/src/components/Title.tsx","statementMap":{"0":{"start":{"line":7,"column":43},"end":{"line":14,"column":1}},"1":{"start":{"line":8,"column":2},"end":{"line":13,"column":4}},"2":{"start":{"line":16,"column":30},"end":{"line":31,"column":2}}},"fnMap":{"0":{"name":"(anonymous_0)","decl":{"start":{"line":7,"column":43},"end":{"line":7,"column":44}},"loc":{"start":{"line":7,"column":54},"end":{"line":14,"column":1}},"line":7}},"branchMap":{"0":{"loc":{"start":{"line":11,"column":7},"end":{"line":11,"column":78}},"type":"cond-expr","locations":[{"start":{"line":11,"column":28},"end":{"line":11,"column":71}},{"start":{"line":11,"column":74},"end":{"line":11,"column":78}}],"line":11}},"s":{"0":6,"1":5,"2":6},"f":{"0":5},"b":{"0":[3,2]},"_coverageSchema":"1a1c01bbd47fc00a2c39e90264f33305004495a9","hash":"88fcae6a639042d68f37e02fca2a7302b725b488"}
,"/Users/franklinakpu/Documents/react-native/lukoTest/src/helpers/validationHelpers.ts": {"path":"/Users/franklinakpu/Documents/react-native/lukoTest/src/helpers/validationHelpers.ts","statementMap":{"0":{"start":{"line":1,"column":30},"end":{"line":18,"column":4}},"1":{"start":{"line":3,"column":4},"end":{"line":13,"column":5}},"2":{"start":{"line":9,"column":5},"end":{"line":12,"column":6}},"3":{"start":{"line":11,"column":8},"end":{"line":11,"column":20}},"4":{"start":{"line":17,"column":5},"end":{"line":17,"column":18}}},"fnMap":{"0":{"name":"(anonymous_0)","decl":{"start":{"line":1,"column":30},"end":{"line":1,"column":31}},"loc":{"start":{"line":2,"column":3},"end":{"line":18,"column":4}},"line":2}},"branchMap":{"0":{"loc":{"start":{"line":9,"column":5},"end":{"line":12,"column":6}},"type":"if","locations":[{"start":{"line":9,"column":5},"end":{"line":12,"column":6}},{"start":{},"end":{}}],"line":9}},"s":{"0":7,"1":14,"2":26,"3":10,"4":4},"f":{"0":14},"b":{"0":[10,16]},"_coverageSchema":"1a1c01bbd47fc00a2c39e90264f33305004495a9","hash":"64e1cb65f885aadb58403ad429f02a494ea33423"}
,"/Users/franklinakpu/Documents/react-native/lukoTest/src/navigation/BottomNavigator.tsx": {"path":"/Users/franklinakpu/Documents/react-native/lukoTest/src/navigation/BottomNavigator.tsx","statementMap":{"0":{"start":{"line":20,"column":19},"end":{"line":20,"column":63}},"1":{"start":{"line":21,"column":26},"end":{"line":21,"column":69}},"2":{"start":{"line":22,"column":36},"end":{"line":75,"column":2}},"3":{"start":{"line":23,"column":3},"end":{"line":74,"column":5}},"4":{"start":{"line":34,"column":67},"end":{"line":37,"column":10}},"5":{"start":{"line":36,"column":38},"end":{"line":36,"column":78}},"6":{"start":{"line":42,"column":72},"end":{"line":47,"column":10}},"7":{"start":{"line":45,"column":13},"end":{"line":45,"column":57}},"8":{"start":{"line":52,"column":72},"end":{"line":55,"column":10}},"9":{"start":{"line":54,"column":38},"end":{"line":54,"column":80}},"10":{"start":{"line":60,"column":69},"end":{"line":63,"column":10}},"11":{"start":{"line":62,"column":38},"end":{"line":62,"column":80}},"12":{"start":{"line":68,"column":67},"end":{"line":71,"column":10}},"13":{"start":{"line":70,"column":38},"end":{"line":70,"column":78}}},"fnMap":{"0":{"name":"(anonymous_0)","decl":{"start":{"line":22,"column":36},"end":{"line":22,"column":37}},"loc":{"start":{"line":22,"column":42},"end":{"line":75,"column":2}},"line":22},"1":{"name":"(anonymous_1)","decl":{"start":{"line":34,"column":18},"end":{"line":34,"column":19}},"loc":{"start":{"line":34,"column":67},"end":{"line":37,"column":10}},"line":34},"2":{"name":"(anonymous_2)","decl":{"start":{"line":36,"column":23},"end":{"line":36,"column":24}},"loc":{"start":{"line":36,"column":38},"end":{"line":36,"column":78}},"line":36},"3":{"name":"(anonymous_3)","decl":{"start":{"line":42,"column":18},"end":{"line":42,"column":19}},"loc":{"start":{"line":42,"column":72},"end":{"line":47,"column":10}},"line":42},"4":{"name":"(anonymous_4)","decl":{"start":{"line":44,"column":23},"end":{"line":44,"column":24}},"loc":{"start":{"line":45,"column":13},"end":{"line":45,"column":57}},"line":45},"5":{"name":"(anonymous_5)","decl":{"start":{"line":52,"column":18},"end":{"line":52,"column":19}},"loc":{"start":{"line":52,"column":72},"end":{"line":55,"column":10}},"line":52},"6":{"name":"(anonymous_6)","decl":{"start":{"line":54,"column":23},"end":{"line":54,"column":24}},"loc":{"start":{"line":54,"column":38},"end":{"line":54,"column":80}},"line":54},"7":{"name":"(anonymous_7)","decl":{"start":{"line":60,"column":18},"end":{"line":60,"column":19}},"loc":{"start":{"line":60,"column":69},"end":{"line":63,"column":10}},"line":60},"8":{"name":"(anonymous_8)","decl":{"start":{"line":62,"column":23},"end":{"line":62,"column":24}},"loc":{"start":{"line":62,"column":38},"end":{"line":62,"column":80}},"line":62},"9":{"name":"(anonymous_9)","decl":{"start":{"line":68,"column":18},"end":{"line":68,"column":19}},"loc":{"start":{"line":68,"column":67},"end":{"line":71,"column":10}},"line":68},"10":{"name":"(anonymous_10)","decl":{"start":{"line":70,"column":23},"end":{"line":70,"column":24}},"loc":{"start":{"line":70,"column":38},"end":{"line":70,"column":78}},"line":70}},"branchMap":{},"s":{"0":4,"1":4,"2":4,"3":3,"4":3,"5":6,"6":3,"7":6,"8":3,"9":6,"10":3,"11":6,"12":3,"13":6},"f":{"0":3,"1":3,"2":6,"3":3,"4":6,"5":3,"6":6,"7":3,"8":6,"9":3,"10":6},"b":{},"_coverageSchema":"1a1c01bbd47fc00a2c39e90264f33305004495a9","hash":"f568c97771508d960f82ab092760f6bd585d9822"}
,"/Users/franklinakpu/Documents/react-native/lukoTest/src/navigation/FallBackScreen.tsx": {"path":"/Users/franklinakpu/Documents/react-native/lukoTest/src/navigation/FallBackScreen.tsx","statementMap":{"0":{"start":{"line":10,"column":67},"end":{"line":23,"column":1}},"1":{"start":{"line":12,"column":2},"end":{"line":22,"column":4}}},"fnMap":{"0":{"name":"(anonymous_0)","decl":{"start":{"line":10,"column":67},"end":{"line":10,"column":68}},"loc":{"start":{"line":11,"column":0},"end":{"line":23,"column":1}},"line":11}},"branchMap":{},"s":{"0":5,"1":1},"f":{"0":1},"b":{},"_coverageSchema":"1a1c01bbd47fc00a2c39e90264f33305004495a9","hash":"7c379cc9a2f26e2c298d80f4bd4d8896d8920d77"}
,"/Users/franklinakpu/Documents/react-native/lukoTest/src/navigation/NotFound.tsx": {"path":"/Users/franklinakpu/Documents/react-native/lukoTest/src/navigation/NotFound.tsx","statementMap":{"0":{"start":{"line":5,"column":33},"end":{"line":5,"column":61}},"1":{"start":{"line":5,"column":39},"end":{"line":5,"column":61}}},"fnMap":{"0":{"name":"(anonymous_0)","decl":{"start":{"line":5,"column":33},"end":{"line":5,"column":34}},"loc":{"start":{"line":5,"column":39},"end":{"line":5,"column":61}},"line":5}},"branchMap":{},"s":{"0":4,"1":1},"f":{"0":1},"b":{},"_coverageSchema":"1a1c01bbd47fc00a2c39e90264f33305004495a9","hash":"8551d7f76f8aeafc9bebf7cdbb6695160dfcad4a"}
,"/Users/franklinakpu/Documents/react-native/lukoTest/src/navigation/RootNavigator.tsx": {"path":"/Users/franklinakpu/Documents/react-native/lukoTest/src/navigation/RootNavigator.tsx","statementMap":{"0":{"start":{"line":11,"column":14},"end":{"line":11,"column":62}},"1":{"start":{"line":14,"column":31},"end":{"line":35,"column":1}},"2":{"start":{"line":16,"column":6},"end":{"line":34,"column":6}}},"fnMap":{"0":{"name":"(anonymous_0)","decl":{"start":{"line":14,"column":31},"end":{"line":14,"column":32}},"loc":{"start":{"line":15,"column":0},"end":{"line":35,"column":1}},"line":15}},"branchMap":{},"s":{"0":3,"1":3,"2":2},"f":{"0":2},"b":{},"_coverageSchema":"1a1c01bbd47fc00a2c39e90264f33305004495a9","hash":"17a0570d696845f5999bf6fbf9c3165ee01c1481"}
,"/Users/franklinakpu/Documents/react-native/lukoTest/src/navigation/index.tsx": {"path":"/Users/franklinakpu/Documents/react-native/lukoTest/src/navigation/index.tsx","statementMap":{"0":{"start":{"line":12,"column":28},"end":{"line":19,"column":1}},"1":{"start":{"line":14,"column":2},"end":{"line":18,"column":8}}},"fnMap":{"0":{"name":"(anonymous_0)","decl":{"start":{"line":12,"column":28},"end":{"line":12,"column":29}},"loc":{"start":{"line":13,"column":0},"end":{"line":19,"column":1}},"line":13}},"branchMap":{},"s":{"0":2,"1":1},"f":{"0":1},"b":{},"_coverageSchema":"1a1c01bbd47fc00a2c39e90264f33305004495a9","hash":"bae77fef0abefe06ddbadb5f0234a63122a7da09"}
,"/Users/franklinakpu/Documents/react-native/lukoTest/src/screens/AddItemScreen/AddItemScreen.tsx": {"path":"/Users/franklinakpu/Documents/react-native/lukoTest/src/screens/AddItemScreen/AddItemScreen.tsx","statementMap":{"0":{"start":{"line":9,"column":70},"end":{"line":17,"column":1}},"1":{"start":{"line":12,"column":2},"end":{"line":16,"column":8}}},"fnMap":{"0":{"name":"(anonymous_0)","decl":{"start":{"line":9,"column":70},"end":{"line":9,"column":71}},"loc":{"start":{"line":10,"column":0},"end":{"line":17,"column":1}},"line":10}},"branchMap":{},"s":{"0":4,"1":1},"f":{"0":1},"b":{},"_coverageSchema":"1a1c01bbd47fc00a2c39e90264f33305004495a9","hash":"2ca8448f51a8bc447514916f2e9f5fd54dd6e761"}
,"/Users/franklinakpu/Documents/react-native/lukoTest/src/screens/AddItemScreen/styles.tsx": {"path":"/Users/franklinakpu/Documents/react-native/lukoTest/src/screens/AddItemScreen/styles.tsx","statementMap":{"0":{"start":{"line":7,"column":37},"end":{"line":54,"column":2}}},"fnMap":{},"branchMap":{},"s":{"0":6},"f":{},"b":{},"_coverageSchema":"1a1c01bbd47fc00a2c39e90264f33305004495a9","hash":"3a76efefe4fad1083174671addf455b782266585"}
,"/Users/franklinakpu/Documents/react-native/lukoTest/src/screens/AddItemScreen/childcomponents/AddItemForm.tsx": {"path":"/Users/franklinakpu/Documents/react-native/lukoTest/src/screens/AddItemScreen/childcomponents/AddItemForm.tsx","statementMap":{"0":{"start":{"line":24,"column":29},"end":{"line":142,"column":1}},"1":{"start":{"line":27,"column":22},"end":{"line":27,"column":37}},"2":{"start":{"line":28,"column":34},"end":{"line":28,"column":47}},"3":{"start":{"line":29,"column":30},"end":{"line":29,"column":99}},"4":{"start":{"line":29,"column":63},"end":{"line":29,"column":98}},"5":{"start":{"line":32,"column":31},"end":{"line":37,"column":6}},"6":{"start":{"line":39,"column":45},"end":{"line":39,"column":68}},"7":{"start":{"line":41,"column":3},"end":{"line":45,"column":14}},"8":{"start":{"line":43,"column":4},"end":{"line":43,"column":81}},"9":{"start":{"line":53,"column":23},"end":{"line":72,"column":4}},"10":{"start":{"line":56,"column":37},"end":{"line":56,"column":81}},"11":{"start":{"line":58,"column":5},"end":{"line":62,"column":6}},"12":{"start":{"line":60,"column":6},"end":{"line":61,"column":176}},"13":{"start":{"line":64,"column":5},"end":{"line":64,"column":42}},"14":{"start":{"line":66,"column":27},"end":{"line":66,"column":70}},"15":{"start":{"line":68,"column":5},"end":{"line":68,"column":45}},"16":{"start":{"line":70,"column":5},"end":{"line":70,"column":25}},"17":{"start":{"line":75,"column":3},"end":{"line":141,"column":5}},"18":{"start":{"line":83,"column":27},"end":{"line":83,"column":46}},"19":{"start":{"line":92,"column":51},"end":{"line":92,"column":100}},"20":{"start":{"line":101,"column":39},"end":{"line":101,"column":72}},"21":{"start":{"line":114,"column":42},"end":{"line":114,"column":77}},"22":{"start":{"line":125,"column":46},"end":{"line":125,"column":93}}},"fnMap":{"0":{"name":"(anonymous_0)","decl":{"start":{"line":24,"column":29},"end":{"line":24,"column":30}},"loc":{"start":{"line":25,"column":0},"end":{"line":142,"column":1}},"line":25},"1":{"name":"(anonymous_1)","decl":{"start":{"line":29,"column":42},"end":{"line":29,"column":43}},"loc":{"start":{"line":29,"column":63},"end":{"line":29,"column":98}},"line":29},"2":{"name":"(anonymous_2)","decl":{"start":{"line":41,"column":13},"end":{"line":41,"column":14}},"loc":{"start":{"line":42,"column":3},"end":{"line":45,"column":4}},"line":42},"3":{"name":"(anonymous_3)","decl":{"start":{"line":53,"column":23},"end":{"line":53,"column":24}},"loc":{"start":{"line":54,"column":3},"end":{"line":72,"column":4}},"line":54},"4":{"name":"(anonymous_4)","decl":{"start":{"line":83,"column":21},"end":{"line":83,"column":22}},"loc":{"start":{"line":83,"column":27},"end":{"line":83,"column":46}},"line":83},"5":{"name":"(anonymous_5)","decl":{"start":{"line":92,"column":27},"end":{"line":92,"column":28}},"loc":{"start":{"line":92,"column":51},"end":{"line":92,"column":100}},"line":92},"6":{"name":"(anonymous_6)","decl":{"start":{"line":101,"column":23},"end":{"line":101,"column":24}},"loc":{"start":{"line":101,"column":39},"end":{"line":101,"column":72}},"line":101},"7":{"name":"(anonymous_7)","decl":{"start":{"line":114,"column":23},"end":{"line":114,"column":24}},"loc":{"start":{"line":114,"column":40},"end":{"line":114,"column":78}},"line":114},"8":{"name":"(anonymous_8)","decl":{"start":{"line":125,"column":22},"end":{"line":125,"column":23}},"loc":{"start":{"line":125,"column":46},"end":{"line":125,"column":93}},"line":125}},"branchMap":{"0":{"loc":{"start":{"line":43,"column":4},"end":{"line":43,"column":81}},"type":"cond-expr","locations":[{"start":{"line":43,"column":33},"end":{"line":43,"column":56}},{"start":{"line":43,"column":59},"end":{"line":43,"column":81}}],"line":43},"1":{"loc":{"start":{"line":58,"column":5},"end":{"line":62,"column":6}},"type":"if","locations":[{"start":{"line":58,"column":5},"end":{"line":62,"column":6}},{"start":{},"end":{}}],"line":58}},"s":{"0":5,"1":16,"2":16,"3":15,"4":15,"5":15,"6":15,"7":15,"8":10,"9":15,"10":2,"11":2,"12":1,"13":1,"14":1,"15":1,"16":1,"17":15,"18":1,"19":1,"20":1,"21":2,"22":1},"f":{"0":16,"1":15,"2":10,"3":2,"4":1,"5":1,"6":1,"7":2,"8":1},"b":{"0":[2,8],"1":[1,1]},"_coverageSchema":"1a1c01bbd47fc00a2c39e90264f33305004495a9","hash":"4e9164fb06519a9307c6d1087696d13875b3c4c1"}
,"/Users/franklinakpu/Documents/react-native/lukoTest/src/screens/AddItemScreen/childcomponents/ImageSelector.tsx": {"path":"/Users/franklinakpu/Documents/react-native/lukoTest/src/screens/AddItemScreen/childcomponents/ImageSelector.tsx","statementMap":{"0":{"start":{"line":12,"column":54},"end":{"line":96,"column":1}},"1":{"start":{"line":18,"column":35},"end":{"line":18,"column":60}},"2":{"start":{"line":22,"column":19},"end":{"line":26,"column":1}},"3":{"start":{"line":24,"column":31},"end":{"line":24,"column":60}},"4":{"start":{"line":25,"column":3},"end":{"line":25,"column":78}},"5":{"start":{"line":28,"column":20},"end":{"line":33,"column":1}},"6":{"start":{"line":30,"column":30},"end":{"line":30,"column":59}},"7":{"start":{"line":31,"column":2},"end":{"line":31,"column":77}},"8":{"start":{"line":36,"column":27},"end":{"line":39,"column":1}},"9":{"start":{"line":38,"column":4},"end":{"line":38,"column":24}},"10":{"start":{"line":41,"column":26},"end":{"line":58,"column":1}},"11":{"start":{"line":43,"column":5},"end":{"line":57,"column":12}},"12":{"start":{"line":50,"column":29},"end":{"line":50,"column":41}},"13":{"start":{"line":54,"column":31},"end":{"line":54,"column":44}},"14":{"start":{"line":62,"column":2},"end":{"line":95,"column":8}}},"fnMap":{"0":{"name":"(anonymous_0)","decl":{"start":{"line":12,"column":54},"end":{"line":12,"column":55}},"loc":{"start":{"line":15,"column":0},"end":{"line":96,"column":1}},"line":15},"1":{"name":"(anonymous_1)","decl":{"start":{"line":22,"column":19},"end":{"line":22,"column":20}},"loc":{"start":{"line":23,"column":0},"end":{"line":26,"column":1}},"line":23},"2":{"name":"(anonymous_2)","decl":{"start":{"line":28,"column":20},"end":{"line":28,"column":21}},"loc":{"start":{"line":29,"column":0},"end":{"line":33,"column":1}},"line":29},"3":{"name":"(anonymous_3)","decl":{"start":{"line":36,"column":27},"end":{"line":36,"column":28}},"loc":{"start":{"line":37,"column":0},"end":{"line":39,"column":1}},"line":37},"4":{"name":"(anonymous_4)","decl":{"start":{"line":41,"column":26},"end":{"line":41,"column":27}},"loc":{"start":{"line":42,"column":0},"end":{"line":58,"column":1}},"line":42},"5":{"name":"(anonymous_5)","decl":{"start":{"line":50,"column":23},"end":{"line":50,"column":24}},"loc":{"start":{"line":50,"column":29},"end":{"line":50,"column":41}},"line":50},"6":{"name":"(anonymous_6)","decl":{"start":{"line":54,"column":25},"end":{"line":54,"column":26}},"loc":{"start":{"line":54,"column":31},"end":{"line":54,"column":44}},"line":54}},"branchMap":{"0":{"loc":{"start":{"line":25,"column":3},"end":{"line":25,"column":77}},"type":"binary-expr","locations":[{"start":{"line":25,"column":3},"end":{"line":25,"column":26}},{"start":{"line":25,"column":30},"end":{"line":25,"column":77}}],"line":25},"1":{"loc":{"start":{"line":31,"column":2},"end":{"line":31,"column":76}},"type":"binary-expr","locations":[{"start":{"line":31,"column":2},"end":{"line":31,"column":25}},{"start":{"line":31,"column":29},"end":{"line":31,"column":76}}],"line":31},"2":{"loc":{"start":{"line":63,"column":6},"end":{"line":92,"column":16}},"type":"cond-expr","locations":[{"start":{"line":65,"column":4},"end":{"line":75,"column":26}},{"start":{"line":77,"column":9},"end":{"line":92,"column":16}}],"line":63}},"s":{"0":6,"1":17,"2":17,"3":2,"4":2,"5":17,"6":1,"7":1,"8":17,"9":1,"10":17,"11":3,"12":2,"13":1,"14":17},"f":{"0":17,"1":2,"2":1,"3":1,"4":3,"5":2,"6":1},"b":{"0":[2,2],"1":[1,1],"2":[12,5]},"_coverageSchema":"1a1c01bbd47fc00a2c39e90264f33305004495a9","hash":"e70ee82d00d5db0c8e1acb81ee067ee50f9505b6"}
,"/Users/franklinakpu/Documents/react-native/lukoTest/src/screens/AddItemScreen/validations/AddItemFormValidation.ts": {"path":"/Users/franklinakpu/Documents/react-native/lukoTest/src/screens/AddItemScreen/validations/AddItemFormValidation.ts","statementMap":{"0":{"start":{"line":10,"column":26},"end":{"line":25,"column":1}},"1":{"start":{"line":13,"column":41},"end":{"line":13,"column":43}},"2":{"start":{"line":14,"column":5},"end":{"line":14,"column":68}},"3":{"start":{"line":15,"column":5},"end":{"line":15,"column":102}},"4":{"start":{"line":16,"column":5},"end":{"line":16,"column":83}},"5":{"start":{"line":18,"column":5},"end":{"line":18,"column":25}},"6":{"start":{"line":20,"column":25},"end":{"line":20,"column":47}},"7":{"start":{"line":22,"column":5},"end":{"line":22,"column":30}},"8":{"start":{"line":24,"column":5},"end":{"line":24,"column":47}}},"fnMap":{"0":{"name":"(anonymous_0)","decl":{"start":{"line":10,"column":26},"end":{"line":10,"column":27}},"loc":{"start":{"line":11,"column":0},"end":{"line":25,"column":1}},"line":11}},"branchMap":{"0":{"loc":{"start":{"line":14,"column":20},"end":{"line":14,"column":67}},"type":"cond-expr","locations":[{"start":{"line":14,"column":39},"end":{"line":14,"column":63}},{"start":{"line":14,"column":65},"end":{"line":14,"column":67}}],"line":14},"1":{"loc":{"start":{"line":15,"column":20},"end":{"line":15,"column":101}},"type":"cond-expr","locations":[{"start":{"line":15,"column":70},"end":{"line":15,"column":98}},{"start":{"line":15,"column":99},"end":{"line":15,"column":101}}],"line":15},"2":{"loc":{"start":{"line":15,"column":20},"end":{"line":15,"column":68}},"type":"binary-expr","locations":[{"start":{"line":15,"column":20},"end":{"line":15,"column":36}},{"start":{"line":15,"column":41},"end":{"line":15,"column":68}}],"line":15},"3":{"loc":{"start":{"line":16,"column":27},"end":{"line":16,"column":82}},"type":"cond-expr","locations":[{"start":{"line":16,"column":55},"end":{"line":16,"column":79}},{"start":{"line":16,"column":80},"end":{"line":16,"column":82}}],"line":16},"4":{"loc":{"start":{"line":24,"column":12},"end":{"line":24,"column":46}},"type":"cond-expr","locations":[{"start":{"line":24,"column":34},"end":{"line":24,"column":38}},{"start":{"line":24,"column":40},"end":{"line":24,"column":46}}],"line":24}},"s":{"0":6,"1":12,"2":12,"3":12,"4":12,"5":12,"6":12,"7":12,"8":12},"f":{"0":12},"b":{"0":[6,6],"1":[7,5],"2":[12,5],"3":[9,3],"4":[3,9]},"_coverageSchema":"1a1c01bbd47fc00a2c39e90264f33305004495a9","hash":"28129b9f93e0ad381951e5b1d86488095142207d"}
,"/Users/franklinakpu/Documents/react-native/lukoTest/src/screens/InventoryScreen/InventoryScreen.tsx": {"path":"/Users/franklinakpu/Documents/react-native/lukoTest/src/screens/InventoryScreen/InventoryScreen.tsx","statementMap":{"0":{"start":{"line":11,"column":31},"end":{"line":11,"column":67}},"1":{"start":{"line":11,"column":37},"end":{"line":11,"column":67}},"2":{"start":{"line":16,"column":2},"end":{"line":20,"column":4}},"3":{"start":{"line":23,"column":15},"end":{"line":29,"column":2}}},"fnMap":{"0":{"name":"InventoryScreen","decl":{"start":{"line":7,"column":24},"end":{"line":7,"column":39}},"loc":{"start":{"line":10,"column":36},"end":{"line":21,"column":1}},"line":10},"1":{"name":"(anonymous_1)","decl":{"start":{"line":11,"column":31},"end":{"line":11,"column":32}},"loc":{"start":{"line":11,"column":37},"end":{"line":11,"column":67}},"line":11}},"branchMap":{},"s":{"0":3,"1":0,"2":3,"3":4},"f":{"0":3,"1":0},"b":{},"_coverageSchema":"1a1c01bbd47fc00a2c39e90264f33305004495a9","hash":"2d3bde60d8544dad2ed8036e44b81ee3e9184532"}
,"/Users/franklinakpu/Documents/react-native/lukoTest/src/sdk/ImagePicker.ts": {"path":"/Users/franklinakpu/Documents/react-native/lukoTest/src/sdk/ImagePicker.ts","statementMap":{"0":{"start":{"line":20,"column":52},"end":{"line":32,"column":1}},"1":{"start":{"line":21,"column":23},"end":{"line":21,"column":76}},"2":{"start":{"line":23,"column":4},"end":{"line":30,"column":5}},"3":{"start":{"line":24,"column":29},"end":{"line":28,"column":10}},"4":{"start":{"line":29,"column":8},"end":{"line":29,"column":27}},"5":{"start":{"line":31,"column":4},"end":{"line":31,"column":20}},"6":{"start":{"line":34,"column":52},"end":{"line":45,"column":1}},"7":{"start":{"line":35,"column":24},"end":{"line":35,"column":83}},"8":{"start":{"line":36,"column":4},"end":{"line":43,"column":5}},"9":{"start":{"line":37,"column":29},"end":{"line":41,"column":10}},"10":{"start":{"line":42,"column":8},"end":{"line":42,"column":27}},"11":{"start":{"line":44,"column":4},"end":{"line":44,"column":20}},"12":{"start":{"line":47,"column":27},"end":{"line":50,"column":1}}},"fnMap":{"0":{"name":"(anonymous_0)","decl":{"start":{"line":20,"column":52},"end":{"line":20,"column":53}},"loc":{"start":{"line":20,"column":64},"end":{"line":32,"column":1}},"line":20},"1":{"name":"(anonymous_1)","decl":{"start":{"line":34,"column":52},"end":{"line":34,"column":53}},"loc":{"start":{"line":34,"column":64},"end":{"line":45,"column":1}},"line":34}},"branchMap":{"0":{"loc":{"start":{"line":23,"column":4},"end":{"line":30,"column":5}},"type":"if","locations":[{"start":{"line":23,"column":4},"end":{"line":30,"column":5}},{"start":{},"end":{}}],"line":23},"1":{"loc":{"start":{"line":36,"column":4},"end":{"line":43,"column":5}},"type":"if","locations":[{"start":{"line":36,"column":4},"end":{"line":43,"column":5}},{"start":{},"end":{}}],"line":36}},"s":{"0":6,"1":2,"2":2,"3":2,"4":2,"5":0,"6":6,"7":1,"8":1,"9":1,"10":1,"11":0,"12":6},"f":{"0":2,"1":1},"b":{"0":[2,0],"1":[1,0]},"_coverageSchema":"1a1c01bbd47fc00a2c39e90264f33305004495a9","hash":"d8ad271ffe57c1c36aac42272bf92857853a2f2f"}
,"/Users/franklinakpu/Documents/react-native/lukoTest/src/store/store.ts": {"path":"/Users/franklinakpu/Documents/react-native/lukoTest/src/store/store.ts","statementMap":{"0":{"start":{"line":4,"column":38},"end":{"line":4,"column":45}},"1":{"start":{"line":6,"column":72},"end":{"line":6,"column":116}},"2":{"start":{"line":8,"column":27},"end":{"line":8,"column":65}}},"fnMap":{},"branchMap":{},"s":{"0":3,"1":3,"2":3},"f":{},"b":{},"_coverageSchema":"1a1c01bbd47fc00a2c39e90264f33305004495a9","hash":"d6285f8c62453ae7c89a35e9f6fca5dc0b28e234"}
,"/Users/franklinakpu/Documents/react-native/lukoTest/src/store/Reducers/InventoryReducer.tsx": {"path":"/Users/franklinakpu/Documents/react-native/lukoTest/src/store/Reducers/InventoryReducer.tsx","statementMap":{"0":{"start":{"line":6,"column":4},"end":{"line":9,"column":5}},"1":{"start":{"line":14,"column":3},"end":{"line":33,"column":5}},"2":{"start":{"line":16,"column":8},"end":{"line":32,"column":9}},"3":{"start":{"line":19,"column":16},"end":{"line":22,"column":20}},"4":{"start":{"line":24,"column":16},"end":{"line":27,"column":20}},"5":{"start":{"line":30,"column":20},"end":{"line":30,"column":32}}},"fnMap":{"0":{"name":"(anonymous_0)","decl":{"start":{"line":14,"column":3},"end":{"line":14,"column":4}},"loc":{"start":{"line":15,"column":3},"end":{"line":33,"column":5}},"line":15}},"branchMap":{"0":{"loc":{"start":{"line":14,"column":4},"end":{"line":14,"column":40}},"type":"default-arg","locations":[{"start":{"line":14,"column":31},"end":{"line":14,"column":40}}],"line":14},"1":{"loc":{"start":{"line":16,"column":8},"end":{"line":32,"column":9}},"type":"switch","locations":[{"start":{"line":18,"column":14},"end":{"line":22,"column":20}},{"start":{"line":23,"column":18},"end":{"line":27,"column":20}},{"start":{"line":29,"column":16},"end":{"line":30,"column":32}}],"line":16}},"s":{"0":5,"1":5,"2":15,"3":1,"4":1,"5":13},"f":{"0":15},"b":{"0":[12],"1":[1,1,13]},"_coverageSchema":"1a1c01bbd47fc00a2c39e90264f33305004495a9","hash":"d2b95bc7fb74c47826d0d727e971e9a0e5487581"}
,"/Users/franklinakpu/Documents/react-native/lukoTest/src/store/Reducers/RootReducer.tsx": {"path":"/Users/franklinakpu/Documents/react-native/lukoTest/src/store/Reducers/RootReducer.tsx","statementMap":{"0":{"start":{"line":10,"column":50},"end":{"line":12,"column":2}}},"fnMap":{},"branchMap":{},"s":{"0":4},"f":{},"b":{},"_coverageSchema":"1a1c01bbd47fc00a2c39e90264f33305004495a9","hash":"5056c9265673861d553463ef106c2f1d93e0efe3"}
,"/Users/franklinakpu/Documents/react-native/lukoTest/src/store/actions/InventoryActions.tsx": {"path":"/Users/franklinakpu/Documents/react-native/lukoTest/src/store/actions/InventoryActions.tsx","statementMap":{"0":{"start":{"line":8,"column":34},"end":{"line":14,"column":1}},"1":{"start":{"line":10,"column":4},"end":{"line":13,"column":5}},"2":{"start":{"line":12,"column":8},"end":{"line":12,"column":64}},"3":{"start":{"line":16,"column":35},"end":{"line":22,"column":1}},"4":{"start":{"line":18,"column":4},"end":{"line":21,"column":5}},"5":{"start":{"line":20,"column":8},"end":{"line":20,"column":66}}},"fnMap":{"0":{"name":"(anonymous_0)","decl":{"start":{"line":8,"column":34},"end":{"line":8,"column":35}},"loc":{"start":{"line":9,"column":0},"end":{"line":14,"column":1}},"line":9},"1":{"name":"(anonymous_1)","decl":{"start":{"line":10,"column":11},"end":{"line":10,"column":12}},"loc":{"start":{"line":11,"column":4},"end":{"line":13,"column":5}},"line":11},"2":{"name":"(anonymous_2)","decl":{"start":{"line":16,"column":35},"end":{"line":16,"column":36}},"loc":{"start":{"line":17,"column":0},"end":{"line":22,"column":1}},"line":17},"3":{"name":"(anonymous_3)","decl":{"start":{"line":18,"column":11},"end":{"line":18,"column":12}},"loc":{"start":{"line":19,"column":4},"end":{"line":21,"column":5}},"line":19}},"branchMap":{},"s":{"0":6,"1":1,"2":0,"3":6,"4":1,"5":0},"f":{"0":1,"1":0,"2":1,"3":0},"b":{},"_coverageSchema":"1a1c01bbd47fc00a2c39e90264f33305004495a9","hash":"d5b776c90064c3328ac90c623707cb5d7552e176"}
,"/Users/franklinakpu/Documents/react-native/lukoTest/src/store/actiontypes/InventoryActionTypes.ts": {"path":"/Users/franklinakpu/Documents/react-native/lukoTest/src/store/actiontypes/InventoryActionTypes.ts","statementMap":{"0":{"start":{"line":1,"column":29},"end":{"line":1,"column":44}},"1":{"start":{"line":3,"column":31},"end":{"line":3,"column":48}}},"fnMap":{},"branchMap":{},"s":{"0":8,"1":8},"f":{},"b":{},"_coverageSchema":"1a1c01bbd47fc00a2c39e90264f33305004495a9","hash":"ea6f1bd4d75429418784487c39f9abc179af1285"}
,"/Users/franklinakpu/Documents/react-native/lukoTest/src/theme/colors.ts": {"path":"/Users/franklinakpu/Documents/react-native/lukoTest/src/theme/colors.ts","statementMap":{"0":{"start":{"line":1,"column":22},"end":{"line":7,"column":1}}},"fnMap":{},"branchMap":{},"s":{"0":13},"f":{},"b":{},"_coverageSchema":"1a1c01bbd47fc00a2c39e90264f33305004495a9","hash":"fb98597e6437bfbcbb5cb592ecdd5d4e000389a8"}
,"/Users/franklinakpu/Documents/react-native/lukoTest/src/theme/fonts.ts": {"path":"/Users/franklinakpu/Documents/react-native/lukoTest/src/theme/fonts.ts","statementMap":{"0":{"start":{"line":1,"column":21},"end":{"line":4,"column":1}}},"fnMap":{},"branchMap":{},"s":{"0":6},"f":{},"b":{},"_coverageSchema":"1a1c01bbd47fc00a2c39e90264f33305004495a9","hash":"9ba1027c91bb62ba185f66608363ba6c4f7ffc51"}
}
