{"/Users/franklinakpu/Documents/react-native/lukoTest/jest/NativeBaseTestWrapper.tsx": {"path":"/Users/franklinakpu/Documents/react-native/lukoTest/jest/NativeBaseTestWrapper.tsx","statementMap":{"0":{"start":{"line":6,"column":14},"end":{"line":9,"column":3}},"1":{"start":{"line":11,"column":39},"end":{"line":18,"column":3}},"2":{"start":{"line":13,"column":3},"end":{"line":17,"column":5}}},"fnMap":{"0":{"name":"(anonymous_0)","decl":{"start":{"line":11,"column":39},"end":{"line":11,"column":40}},"loc":{"start":{"line":12,"column":2},"end":{"line":18,"column":3}},"line":12}},"branchMap":{},"s":{"0":1,"1":1,"2":1},"f":{"0":1},"b":{},"_coverageSchema":"1a1c01bbd47fc00a2c39e90264f33305004495a9","hash":"f1acb5f6940fa268b6b71d85e8313a5c1bdbf940"}
,"/Users/franklinakpu/Documents/react-native/lukoTest/src/constants.ts": {"path":"/Users/franklinakpu/Documents/react-native/lukoTest/src/constants.ts","statementMap":{"0":{"start":{"line":1,"column":33},"end":{"line":1,"column":38}},"1":{"start":{"line":2,"column":28},"end":{"line":2,"column":31}}},"fnMap":{},"branchMap":{},"s":{"0":1,"1":1},"f":{},"b":{},"_coverageSchema":"1a1c01bbd47fc00a2c39e90264f33305004495a9","hash":"38e5ed38495fab2de7962b5cf0acd8979b6d61f0"}
,"/Users/franklinakpu/Documents/react-native/lukoTest/src/screens/InventoryScreen/styles.ts": {"path":"/Users/franklinakpu/Documents/react-native/lukoTest/src/screens/InventoryScreen/styles.ts","statementMap":{"0":{"start":{"line":5,"column":37},"end":{"line":47,"column":4}}},"fnMap":{},"branchMap":{},"s":{"0":1},"f":{},"b":{},"_coverageSchema":"1a1c01bbd47fc00a2c39e90264f33305004495a9","hash":"06070b850d7a254c469fa678ddc4eb38623fab7c"}
,"/Users/franklinakpu/Documents/react-native/lukoTest/src/screens/InventoryScreen/childcomponents/InventoryList.tsx": {"path":"/Users/franklinakpu/Documents/react-native/lukoTest/src/screens/InventoryScreen/childcomponents/InventoryList.tsx","statementMap":{"0":{"start":{"line":11,"column":52},"end":{"line":35,"column":1}},"1":{"start":{"line":15,"column":2},"end":{"line":34,"column":4}}},"fnMap":{"0":{"name":"(anonymous_0)","decl":{"start":{"line":11,"column":52},"end":{"line":11,"column":53}},"loc":{"start":{"line":12,"column":0},"end":{"line":35,"column":1}},"line":12}},"branchMap":{},"s":{"0":1,"1":1},"f":{"0":1},"b":{},"_coverageSchema":"1a1c01bbd47fc00a2c39e90264f33305004495a9","hash":"9b9d8a22de034016aa5df5d0a5b08e65d5278cdc"}
,"/Users/franklinakpu/Documents/react-native/lukoTest/src/store/store.ts": {"path":"/Users/franklinakpu/Documents/react-native/lukoTest/src/store/store.ts","statementMap":{"0":{"start":{"line":4,"column":38},"end":{"line":4,"column":45}},"1":{"start":{"line":6,"column":72},"end":{"line":6,"column":116}},"2":{"start":{"line":8,"column":27},"end":{"line":8,"column":65}}},"fnMap":{},"branchMap":{},"s":{"0":1,"1":1,"2":1},"f":{},"b":{},"_coverageSchema":"1a1c01bbd47fc00a2c39e90264f33305004495a9","hash":"d6285f8c62453ae7c89a35e9f6fca5dc0b28e234"}
,"/Users/franklinakpu/Documents/react-native/lukoTest/src/store/Reducers/InventoryReducer.tsx": {"path":"/Users/franklinakpu/Documents/react-native/lukoTest/src/store/Reducers/InventoryReducer.tsx","statementMap":{"0":{"start":{"line":6,"column":4},"end":{"line":9,"column":5}},"1":{"start":{"line":14,"column":3},"end":{"line":33,"column":5}},"2":{"start":{"line":16,"column":8},"end":{"line":32,"column":9}},"3":{"start":{"line":19,"column":16},"end":{"line":22,"column":20}},"4":{"start":{"line":24,"column":16},"end":{"line":27,"column":20}},"5":{"start":{"line":30,"column":20},"end":{"line":30,"column":32}}},"fnMap":{"0":{"name":"(anonymous_0)","decl":{"start":{"line":14,"column":3},"end":{"line":14,"column":4}},"loc":{"start":{"line":15,"column":3},"end":{"line":33,"column":5}},"line":15}},"branchMap":{"0":{"loc":{"start":{"line":14,"column":4},"end":{"line":14,"column":40}},"type":"default-arg","locations":[{"start":{"line":14,"column":31},"end":{"line":14,"column":40}}],"line":14},"1":{"loc":{"start":{"line":16,"column":8},"end":{"line":32,"column":9}},"type":"switch","locations":[{"start":{"line":18,"column":14},"end":{"line":22,"column":20}},{"start":{"line":23,"column":18},"end":{"line":27,"column":20}},{"start":{"line":29,"column":16},"end":{"line":30,"column":32}}],"line":16}},"s":{"0":1,"1":1,"2":3,"3":0,"4":0,"5":3},"f":{"0":3},"b":{"0":[3],"1":[0,0,3]},"_coverageSchema":"1a1c01bbd47fc00a2c39e90264f33305004495a9","hash":"d2b95bc7fb74c47826d0d727e971e9a0e5487581"}
,"/Users/franklinakpu/Documents/react-native/lukoTest/src/store/Reducers/RootReducer.tsx": {"path":"/Users/franklinakpu/Documents/react-native/lukoTest/src/store/Reducers/RootReducer.tsx","statementMap":{"0":{"start":{"line":10,"column":50},"end":{"line":12,"column":2}}},"fnMap":{},"branchMap":{},"s":{"0":1},"f":{},"b":{},"_coverageSchema":"1a1c01bbd47fc00a2c39e90264f33305004495a9","hash":"5056c9265673861d553463ef106c2f1d93e0efe3"}
,"/Users/franklinakpu/Documents/react-native/lukoTest/src/store/actiontypes/InventoryActionTypes.ts": {"path":"/Users/franklinakpu/Documents/react-native/lukoTest/src/store/actiontypes/InventoryActionTypes.ts","statementMap":{"0":{"start":{"line":1,"column":29},"end":{"line":1,"column":44}},"1":{"start":{"line":3,"column":31},"end":{"line":3,"column":48}}},"fnMap":{},"branchMap":{},"s":{"0":1,"1":1},"f":{},"b":{},"_coverageSchema":"1a1c01bbd47fc00a2c39e90264f33305004495a9","hash":"ea6f1bd4d75429418784487c39f9abc179af1285"}
,"/Users/franklinakpu/Documents/react-native/lukoTest/src/theme/colors.ts": {"path":"/Users/franklinakpu/Documents/react-native/lukoTest/src/theme/colors.ts","statementMap":{"0":{"start":{"line":1,"column":22},"end":{"line":7,"column":1}}},"fnMap":{},"branchMap":{},"s":{"0":1},"f":{},"b":{},"_coverageSchema":"1a1c01bbd47fc00a2c39e90264f33305004495a9","hash":"fb98597e6437bfbcbb5cb592ecdd5d4e000389a8"}
}
